0 92 is thinking
0 61 has taken a fork
0 78 is thinking
0 33 has taken a fork
0 49 has taken a fork
0 49 has taken a fork
0 49 is eating
0 22 is thinking
0 70 is thinking
0 77 has taken a fork
0 77 has taken a fork
0 77 is eating
0 64 is thinking
0 28 is thinking
0 81 has taken a fork
0 34 is thinking
0 26 is thinking
0 81 has taken a fork
0 81 is eating
0 36 is thinking
0 90 is thinking
0 42 is thinking
0 7 has taken a fork
0 23 has taken a fork
0 85 has taken a fork
0 33 has taken a fork
0 67 has taken a fork
0 33 is eating
0 48 is thinking
0 91 has taken a fork
0 83 has taken a fork
0 6 is thinking
0 51 has taken a fork
0 20 is thinking
0 83 has taken a fork
0 59 has taken a fork
0 59 has taken a fork
0 27 has taken a fork
0 24 is thinking
0 95 has taken a fork
0 53 has taken a fork
0 53 has taken a fork
0 53 is eating
0 9 has taken a fork
0 99 has taken a fork
0 99 has taken a fork
0 40 is thinking
0 60 is thinking
0 32 is thinking
0 74 is thinking
0 97 has taken a fork
0 72 is thinking
0 94 is thinking
0 17 has taken a fork
0 84 is thinking
0 19 has taken a fork
0 87 has taken a fork
0 11 has taken a fork
0 47 has taken a fork
0 43 has taken a fork
0 47 has taken a fork
0 11 has taken a fork
0 11 is eating
0 47 is eating
0 62 is thinking
0 88 is thinking
0 38 is thinking
0 50 is thinking
0 69 has taken a fork
0 51 has taken a fork
0 5 has taken a fork
0 57 has taken a fork
0 51 is eating
0 54 is thinking
0 12 is thinking
0 71 has taken a fork
0 41 has taken a fork
0 85 has taken a fork
0 75 has taken a fork
0 75 has taken a fork
0 75 is eating
0 66 is thinking
0 8 is thinking
0 4 is thinking
0 18 is thinking
0 71 has taken a fork
0 71 is eating
0 52 is thinking
0 15 has taken a fork
0 31 has taken a fork
0 76 is thinking
0 16 is thinking
0 10 is thinking
0 82 is thinking
0 15 has taken a fork
0 15 is eating
0 13 has taken a fork
0 13 has taken a fork
0 13 is eating
0 63 has taken a fork
0 63 has taken a fork
0 63 is eating
0 1 has taken a fork
0 1 has taken a fork
0 1 is eating
0 25 has taken a fork
0 65 has taken a fork
0 35 has taken a fork
0 79 has taken a fork
0 87 has taken a fork
0 79 has taken a fork
0 89 has taken a fork
0 9 has taken a fork
0 45 has taken a fork
0 89 has taken a fork
0 89 is eating
0 73 has taken a fork
0 45 has taken a fork
0 97 has taken a fork
0 2 is thinking
0 29 has taken a fork
0 97 is eating
0 5 has taken a fork
0 67 has taken a fork
0 5 is eating
0 19 has taken a fork
0 19 is eating
0 23 has taken a fork
0 17 has taken a fork
0 85 is eating
0 45 is eating
0 80 is thinking
0 27 has taken a fork
0 43 has taken a fork
0 46 is thinking
0 79 is eating
0 37 has taken a fork
0 99 is eating
0 7 has taken a fork
0 9 is eating
0 73 has taken a fork
0 58 is thinking
0 7 is eating
0 14 is thinking
0 83 is eating
0 67 is eating
0 61 has taken a fork
0 61 is eating
0 93 has taken a fork
0 93 has taken a fork
0 93 is eating
0 100 is thinking
0 96 is thinking
0 98 is thinking
0 68 is thinking
0 44 is thinking
0 55 has taken a fork
0 55 has taken a fork
0 55 is eating
0 43 is eating
0 86 is thinking
0 41 has taken a fork
0 41 is eating
0 25 has taken a fork
0 25 is eating
0 57 has taken a fork
0 57 is eating
0 65 has taken a fork
0 65 is eating
0 59 is eating
0 73 is eating
0 3 has taken a fork
0 35 has taken a fork
0 69 has taken a fork
0 17 is eating
0 91 has taken a fork
0 91 is eating
1 37 has taken a fork
1 37 is eating
1 31 has taken a fork
1 31 is eating
1 95 has taken a fork
1 3 has taken a fork
1 3 is eating
1 35 is eating
1 29 has taken a fork
1 29 is eating
1 39 has taken a fork
1 39 has taken a fork
1 39 is eating
1 27 is eating
1 87 is eating
1 56 is thinking
1 30 is thinking
1 21 has taken a fork
1 21 has taken a fork
1 21 is eating
1 23 is eating
1 69 is eating
1 95 is eating
200 86 has taken a fork
200 85 is sleeping
200 67 is sleeping
200 68 has taken a fork
200 41 is sleeping
200 50 has taken a fork
200 78 has taken a fork
200 77 is sleeping
200 89 is sleeping
200 59 is sleeping
200 60 has taken a fork
200 90 has taken a fork
200 42 has taken a fork
200 47 is sleeping
200 6 has taken a fork
200 54 has taken a fork
200 5 is sleeping
200 25 is sleeping
200 15 is sleeping
200 16 has taken a fork
200 1 is sleeping
200 2 has taken a fork
200 60 has taken a fork
200 60 is eating
200 11 is sleeping
200 97 is sleeping
200 45 is sleeping
200 58 has taken a fork
200 58 has taken a fork
200 58 is eating
200 34 has taken a fork
200 14 has taken a fork
200 61 is sleeping
200 13 is sleeping
200 26 has taken a fork
200 50 has taken a fork
200 50 is eating
200 83 is sleeping
200 75 is sleeping
200 52 has taken a fork
200 100 has taken a fork
200 52 has taken a fork
200 100 has taken a fork
200 79 is sleeping
200 17 is sleeping
200 72 has taken a fork
200 10 has taken a fork
200 42 has taken a fork
200 49 is sleeping
200 10 has taken a fork
200 10 is eating
200 16 has taken a fork
200 16 is eating
200 73 is sleeping
200 84 has taken a fork
200 64 has taken a fork
200 48 has taken a fork
200 14 has taken a fork
200 48 has taken a fork
200 94 has taken a fork
200 74 has taken a fork
200 57 is sleeping
200 80 has taken a fork
200 71 is sleeping
200 18 has taken a fork
200 8 has taken a fork
200 53 is sleeping
200 54 has taken a fork
200 12 has taken a fork
200 72 has taken a fork
200 80 has taken a fork
200 66 has taken a fork
200 99 is sleeping
200 9 is sleeping
200 90 has taken a fork
200 90 is eating
200 62 has taken a fork
200 62 has taken a fork
200 62 is eating
200 6 has taken a fork
200 6 is eating
200 8 has taken a fork
200 44 has taken a fork
200 44 has taken a fork
200 44 is eating
200 12 has taken a fork
200 12 is eating
200 52 is eating
200 91 is sleeping
200 48 is eating
200 14 is eating
201 78 has taken a fork
201 78 is eating
201 18 has taken a fork
201 18 is eating
201 33 is sleeping
201 56 has taken a fork
201 56 has taken a fork
201 56 is eating
201 23 is sleeping
201 84 has taken a fork
201 84 is eating
201 20 has taken a fork
201 8 is eating
201 20 has taken a fork
201 54 is eating
201 92 has taken a fork
201 55 is sleeping
201 82 has taken a fork
201 64 has taken a fork
201 82 has taken a fork
201 74 has taken a fork
201 74 is eating
201 39 is sleeping
201 29 is sleeping
201 46 has taken a fork
201 66 has taken a fork
201 66 is eating
201 2 has taken a fork
201 4 has taken a fork
201 100 is eating
201 2 is eating
201 42 is eating
201 98 has taken a fork
201 82 is eating
201 86 has taken a fork
201 86 is eating
201 51 is sleeping
201 76 has taken a fork
201 3 is sleeping
201 24 has taken a fork
201 24 has taken a fork
201 38 has taken a fork
201 36 has taken a fork
201 36 has taken a fork
201 35 is sleeping
201 19 is sleeping
201 7 is sleeping
201 27 is sleeping
201 80 is eating
201 40 has taken a fork
201 40 has taken a fork
201 30 has taken a fork
201 81 is sleeping
201 76 has taken a fork
201 76 is eating
201 37 is sleeping
201 24 is eating
202 22 has taken a fork
202 98 has taken a fork
202 20 is eating
202 92 has taken a fork
202 72 is eating
202 32 has taken a fork
202 64 is eating
202 87 is sleeping
202 26 has taken a fork
202 88 has taken a fork
202 88 has taken a fork
202 40 is eating
202 28 has taken a fork
202 28 has taken a fork
202 34 has taken a fork
202 34 is eating
202 38 has taken a fork
202 38 is eating
202 36 is eating
202 22 has taken a fork
202 31 is sleeping
202 94 has taken a fork
202 94 is eating
202 26 is eating
202 93 is sleeping
202 28 is eating
202 30 has taken a fork
202 70 has taken a fork
202 70 has taken a fork
202 70 is eating
202 92 is eating
202 32 has taken a fork
202 95 is sleeping
202 96 has taken a fork
202 65 is sleeping
202 30 is eating
203 21 is sleeping
203 98 is eating
203 32 is eating
203 96 has taken a fork
203 46 has taken a fork
203 63 is sleeping
203 68 has taken a fork
203 68 is eating
203 4 has taken a fork
203 4 is eating
203 43 is sleeping
203 88 is eating
203 69 is sleeping
203 22 is eating
204 96 is eating
205 46 is eating
400 15 is thinking
400 41 is thinking
400 91 is thinking
400 71 is thinking
400 47 is thinking
400 10 is sleeping
400 58 is sleeping
400 52 is sleeping
400 47 has taken a fork
400 51 is thinking
400 51 has taken a fork
400 85 is thinking
400 43 is thinking
400 1 is thinking
400 45 is thinking
400 55 is thinking
400 48 is sleeping
400 50 is sleeping
400 62 is sleeping
400 75 is thinking
400 60 is sleeping
400 53 is thinking
400 25 is thinking
400 57 is thinking
400 33 is thinking
400 11 is thinking
400 7 is thinking
400 57 has taken a fork
400 59 is thinking
400 97 is thinking
400 73 is thinking
400 67 is thinking
400 6 is sleeping
400 89 is thinking
400 61 is thinking
400 51 has taken a fork
400 65 is thinking
400 5 is thinking
400 5 has taken a fork
400 12 is sleeping
400 9 is thinking
400 51 is eating
400 63 is thinking
400 59 has taken a fork
400 13 is thinking
400 15 has taken a fork
400 9 has taken a fork
400 77 is thinking
400 79 is thinking
400 43 has taken a fork
400 49 is thinking
400 99 is thinking
400 59 has taken a fork
400 61 has taken a fork
400 61 has taken a fork
400 61 is eating
400 44 is sleeping
400 83 is thinking
400 49 has taken a fork
400 49 has taken a fork
400 49 is eating
400 90 is sleeping
400 59 is eating
400 16 is sleeping
400 89 has taken a fork
400 11 has taken a fork
400 11 has taken a fork
400 11 is eating
400 17 is thinking
401 81 is thinking
401 42 is sleeping
401 41 has taken a fork
401 43 has taken a fork
401 43 is eating
401 87 is thinking
401 81 has taken a fork
401 82 is sleeping
401 86 is sleeping
401 39 is thinking
401 7 has taken a fork
401 7 has taken a fork
401 95 is thinking
401 85 has taken a fork
401 74 is sleeping
401 83 has taken a fork
401 7 is eating
401 9 has taken a fork
401 8 is sleeping
401 85 has taken a fork
401 84 is sleeping
401 9 is eating
401 83 has taken a fork
401 83 is eating
401 77 has taken a fork
401 78 is sleeping
401 27 is thinking
401 2 is sleeping
401 1 has taken a fork
401 85 is eating
401 3 is thinking
401 29 is thinking
401 73 has taken a fork
401 35 is thinking
401 56 is sleeping
401 55 has taken a fork
401 75 has taken a fork
401 75 has taken a fork
401 77 has taken a fork
401 23 is thinking
401 37 is thinking
401 57 has taken a fork
401 57 is eating
401 80 is sleeping
401 21 is thinking
401 77 is eating
401 75 is eating
401 79 has taken a fork
401 79 has taken a fork
401 23 has taken a fork
401 81 has taken a fork
401 24 is sleeping
401 19 is thinking
401 79 is eating
401 65 has taken a fork
401 81 is eating
401 66 is sleeping
401 100 is sleeping
401 18 is sleeping
401 53 has taken a fork
401 17 has taken a fork
401 53 has taken a fork
401 15 has taken a fork
401 15 is eating
401 53 is eating
401 13 has taken a fork
401 1 has taken a fork
401 17 has taken a fork
401 99 has taken a fork
401 14 is sleeping
401 1 is eating
401 76 is sleeping
401 55 has taken a fork
401 55 is eating
401 13 has taken a fork
401 13 is eating
401 17 is eating
401 54 is sleeping
402 20 is sleeping
402 19 has taken a fork
402 94 is sleeping
402 38 is sleeping
402 19 has taken a fork
402 35 has taken a fork
402 19 is eating
402 29 has taken a fork
402 37 has taken a fork
402 36 is sleeping
402 37 has taken a fork
402 37 is eating
402 25 has taken a fork
402 25 has taken a fork
402 25 is eating
402 30 is sleeping
402 65 has taken a fork
402 65 is eating
402 63 has taken a fork
402 63 has taken a fork
402 63 is eating
402 64 is sleeping
402 70 is sleeping
402 92 is sleeping
402 26 is sleeping
402 91 has taken a fork
402 39 has taken a fork
402 39 has taken a fork
402 39 is eating
402 40 is sleeping
402 91 has taken a fork
402 35 has taken a fork
402 91 is eating
402 34 is sleeping
402 73 has taken a fork
402 73 is eating
402 93 is thinking
402 71 has taken a fork
402 93 has taken a fork
402 71 has taken a fork
402 71 is eating
402 35 is eating
402 27 has taken a fork
402 69 is thinking
402 31 is thinking
402 27 has taken a fork
402 27 is eating
402 93 has taken a fork
402 72 is sleeping
402 41 has taken a fork
402 33 has taken a fork
402 93 is eating
402 29 has taken a fork
402 28 is sleeping
402 29 is eating
402 41 is eating
402 69 has taken a fork
403 69 has taken a fork
403 69 is eating
403 67 has taken a fork
403 68 is sleeping
403 97 has taken a fork
403 99 has taken a fork
403 99 is eating
403 89 has taken a fork
403 98 is sleeping
403 67 has taken a fork
403 67 is eating
403 88 is sleeping
403 87 has taken a fork
403 87 has taken a fork
403 87 is eating
403 22 is sleeping
403 21 has taken a fork
403 89 is eating
403 23 has taken a fork
403 5 has taken a fork
403 4 is sleeping
403 5 is eating
403 32 is sleeping
403 23 is eating
403 21 has taken a fork
403 21 is eating
403 3 has taken a fork
403 31 has taken a fork
403 31 has taken a fork
403 31 is eating
403 3 has taken a fork
403 3 is eating
403 33 has taken a fork
403 33 is eating
404 96 is sleeping
404 95 has taken a fork
404 95 has taken a fork
404 95 is eating
404 97 has taken a fork
404 97 is eating
405 46 is sleeping
405 45 has taken a fork
405 45 has taken a fork
405 45 is eating
405 47 has taken a fork
405 47 is eating
600 62 is thinking
600 48 is thinking
600 10 is thinking
600 90 is thinking
600 50 is thinking
600 12 is thinking
600 59 is sleeping
600 52 is thinking
600 44 is thinking
600 50 has taken a fork
600 49 is sleeping
600 58 is thinking
600 62 has taken a fork
600 6 is thinking
600 61 is sleeping
600 60 is thinking
600 51 is sleeping
600 50 has taken a fork
600 60 has taken a fork
600 11 is sleeping
600 12 has taken a fork
600 60 has taken a fork
600 60 is eating
600 16 is thinking
600 52 has taken a fork
600 50 is eating
601 53 is sleeping
601 17 is sleeping
601 52 has taken a fork
601 52 is eating
601 80 is thinking
601 100 is thinking
601 54 is thinking
601 54 has taken a fork
601 75 is sleeping
601 76 is thinking
601 8 is thinking
601 57 is sleeping
601 76 has taken a fork
601 1 is sleeping
601 85 is sleeping
601 58 has taken a fork
601 66 is thinking
601 58 has taken a fork
601 8 has taken a fork
601 81 is sleeping
601 7 is sleeping
601 43 is sleeping
601 2 is thinking
601 83 is sleeping
601 44 has taken a fork
601 86 is thinking
601 55 is sleeping
601 79 is sleeping
601 80 has taken a fork
601 58 is eating
601 80 has taken a fork
601 54 has taken a fork
601 9 is sleeping
601 10 has taken a fork
601 10 has taken a fork
601 2 has taken a fork
601 74 is thinking
601 54 is eating
601 8 has taken a fork
601 8 is eating
601 56 is thinking
601 13 is sleeping
601 86 has taken a fork
601 42 is thinking
601 18 is thinking
601 18 has taken a fork
601 76 has taken a fork
601 76 is eating
601 12 has taken a fork
601 12 is eating
601 80 is eating
601 24 is thinking
601 15 is sleeping
601 56 has taken a fork
601 77 is sleeping
601 56 has taken a fork
601 56 is eating
601 16 has taken a fork
601 16 has taken a fork
601 14 is thinking
601 84 is thinking
601 82 is thinking
601 82 has taken a fork
601 10 is eating
601 16 is eating
601 84 has taken a fork
601 82 has taken a fork
601 82 is eating
601 14 has taken a fork
601 14 has taken a fork
601 14 is eating
601 84 has taken a fork
602 84 is eating
602 78 is thinking
602 78 has taken a fork
602 78 has taken a fork
602 78 is eating
602 18 has taken a fork
602 18 is eating
602 30 is thinking
602 39 is sleeping
602 72 is thinking
602 93 is sleeping
602 19 is sleeping
602 20 is thinking
602 70 is thinking
602 27 is sleeping
602 62 has taken a fork
602 62 is eating
602 20 has taken a fork
602 34 is thinking
602 74 has taken a fork
602 73 is sleeping
602 38 is thinking
602 74 has taken a fork
602 63 is sleeping
602 36 is thinking
602 25 is sleeping
602 74 is eating
602 26 is thinking
602 30 has taken a fork
602 26 has taken a fork
602 42 has taken a fork
602 42 has taken a fork
602 42 is eating
602 29 is sleeping
602 72 has taken a fork
602 72 has taken a fork
602 72 is eating
602 65 is sleeping
602 28 is thinking
602 28 has taken a fork
602 28 has taken a fork
602 28 is eating
602 71 is sleeping
602 91 is sleeping
602 26 has taken a fork
602 26 is eating
602 41 is sleeping
602 36 has taken a fork
602 94 is thinking
602 94 has taken a fork
602 35 is sleeping
602 38 has taken a fork
602 38 has taken a fork
602 38 is eating
602 92 is thinking
602 92 has taken a fork
602 92 has taken a fork
602 92 is eating
602 37 is sleeping
602 66 has taken a fork
602 64 is thinking
602 64 has taken a fork
602 64 has taken a fork
602 64 is eating
602 40 is thinking
602 40 has taken a fork
602 40 has taken a fork
602 40 is eating
602 36 has taken a fork
602 36 is eating
603 4 is thinking
603 70 has taken a fork
603 70 has taken a fork
603 88 is thinking
603 70 is eating
603 69 is sleeping
603 99 is sleeping
603 100 has taken a fork
603 4 has taken a fork
603 100 has taken a fork
603 32 is thinking
603 2 has taken a fork
603 2 is eating
603 100 is eating
603 3 is sleeping
603 23 is sleeping
603 90 has taken a fork
603 90 has taken a fork
603 90 is eating
603 24 has taken a fork
603 22 is thinking
603 89 is sleeping
603 24 has taken a fork
603 24 is eating
603 20 has taken a fork
603 20 is eating
603 86 has taken a fork
603 86 is eating
603 22 has taken a fork
603 21 is sleeping
603 87 is sleeping
603 6 has taken a fork
603 6 has taken a fork
603 6 is eating
603 88 has taken a fork
603 98 is thinking
603 34 has taken a fork
603 34 has taken a fork
603 34 is eating
603 88 has taken a fork
603 88 is eating
603 22 has taken a fork
603 68 is thinking
603 32 has taken a fork
603 32 has taken a fork
603 32 is eating
603 5 is sleeping
603 4 has taken a fork
603 4 is eating
603 30 has taken a fork
603 31 is sleeping
603 30 is eating
603 67 is sleeping
603 66 has taken a fork
603 66 is eating
603 68 has taken a fork
603 68 has taken a fork
603 68 is eating
603 22 is eating
603 33 is sleeping
604 96 is thinking
604 96 has taken a fork
604 94 has taken a fork
604 94 is eating
604 95 is sleeping
604 97 is sleeping
604 96 has taken a fork
604 98 has taken a fork
604 98 has taken a fork
604 98 is eating
604 96 is eating
605 45 is sleeping
605 44 has taken a fork
605 44 is eating
605 47 is sleeping
605 48 has taken a fork
605 46 is thinking
605 48 has taken a fork
605 48 is eating
605 46 has taken a fork
605 46 has taken a fork
605 46 is eating
800 51 is thinking
800 59 is thinking
800 49 is thinking
800 60 is sleeping
800 11 is thinking
800 59 has taken a fork
800 61 is thinking
800 49 has taken a fork
800 50 is sleeping
801 8 is sleeping
801 82 is sleeping
801 9 is thinking
801 55 is thinking
801 12 is sleeping
801 11 has taken a fork
801 11 has taken a fork
801 11 is eating
801 10 is sleeping
801 9 has taken a fork
801 9 has taken a fork
801 9 is eating
801 53 is thinking
801 15 is thinking
801 83 is thinking
801 17 is thinking
801 85 is thinking
801 77 is thinking
801 75 is thinking
801 55 has taken a fork
801 80 is sleeping
801 58 is sleeping
801 54 is sleeping
801 55 has taken a fork
801 55 is eating
801 53 has taken a fork
801 56 is sleeping
801 53 has taken a fork
801 53 is eating
801 81 is thinking
801 81 has taken a fork
801 7 is thinking
801 7 has taken a fork
801 75 has taken a fork
801 59 has taken a fork
801 59 is eating
801 81 has taken a fork
801 13 is thinking
801 1 is thinking
801 81 is eating
801 13 has taken a fork
801 57 is thinking
801 52 is sleeping
801 57 has taken a fork
801 57 has taken a fork
801 76 is sleeping
801 79 is thinking
801 79 has taken a fork
801 15 has taken a fork
801 51 has taken a fork
801 51 has taken a fork
801 13 has taken a fork
801 13 is eating
801 57 is eating
801 51 is eating
801 43 is thinking
801 14 is sleeping
801 16 is sleeping
801 15 has taken a fork
801 15 is eating
802 19 is thinking
802 79 has taken a fork
802 79 is eating
802 71 is thinking
802 28 is sleeping
802 92 is sleeping
802 77 has taken a fork
802 77 has taken a fork
802 78 is sleeping
802 77 is eating
802 36 is sleeping
802 29 is thinking
802 40 is sleeping
802 38 is sleeping
802 26 is sleeping
802 25 is thinking
802 65 is thinking
802 73 is thinking
802 25 has taken a fork
802 84 is sleeping
802 35 is thinking
802 39 is thinking
802 83 has taken a fork
802 39 has taken a fork
802 39 has taken a fork
802 63 is thinking
802 83 has taken a fork
802 71 has taken a fork
802 83 is eating
802 42 is sleeping
802 72 is sleeping
802 74 is sleeping
802 64 is sleeping
802 93 is thinking
802 39 is eating
802 73 has taken a fork
802 73 has taken a fork
802 73 is eating
802 27 is thinking
802 91 is thinking
802 62 is sleeping
802 63 has taken a fork
802 61 has taken a fork
802 61 has taken a fork
802 61 is eating
802 18 is sleeping
802 27 has taken a fork
802 27 has taken a fork
802 27 is eating
802 63 has taken a fork
802 91 has taken a fork
802 75 has taken a fork
802 37 is thinking
802 37 has taken a fork
802 17 has taken a fork
802 17 has taken a fork
802 17 is eating
802 75 is eating
802 37 has taken a fork
802 37 is eating
802 63 is eating
802 35 has taken a fork
802 41 is thinking
803 4 is sleeping
803 41 has taken a fork
803 41 has taken a fork
803 41 is eating
803 33 is thinking
803 88 is sleeping
803 24 is sleeping
803 25 has taken a fork
803 25 is eating
803 3 is thinking
803 5 is thinking
803 3 has taken a fork
803 32 is sleeping
803 67 is thinking
803 99 is thinking
803 31 is thinking
803 85 has taken a fork
803 21 is thinking
803 31 has taken a fork
803 85 has taken a fork
803 85 is eating
803 29 has taken a fork
803 29 has taken a fork
803 19 has taken a fork
803 19 has taken a fork
803 31 has taken a fork
803 31 is eating
803 29 is eating
803 30 is sleeping
803 21 has taken a fork
803 66 is sleeping
803 86 is sleeping
803 21 has taken a fork
803 22 is sleeping
803 19 is eating
803 70 is sleeping
803 3 has taken a fork
803 1 has taken a fork
803 20 is sleeping
803 21 is eating
803 99 has taken a fork
803 3 is eating
803 69 is thinking
803 65 has taken a fork
803 71 has taken a fork
803 71 is eating
803 89 is thinking
803 67 has taken a fork
803 91 has taken a fork
803 68 is sleeping
803 89 has taken a fork
803 89 has taken a fork
803 89 is eating
803 100 is sleeping
803 1 has taken a fork
803 1 is eating
803 23 is thinking
803 23 has taken a fork
803 23 has taken a fork
803 69 has taken a fork
803 69 has taken a fork
803 69 is eating
803 33 has taken a fork
803 65 has taken a fork
803 35 has taken a fork
803 35 is eating
803 2 is sleeping
803 23 is eating
803 5 has taken a fork
803 5 has taken a fork
803 67 has taken a fork
803 5 is eating
803 87 is thinking
803 87 has taken a fork
803 6 is sleeping
803 33 has taken a fork
803 33 is eating
803 90 is sleeping
803 91 is eating
803 65 is eating
803 7 has taken a fork
803 7 is eating
803 87 has taken a fork
804 67 is eating
804 34 is sleeping
804 87 is eating
804 93 has taken a fork
804 93 has taken a fork
804 99 has taken a fork
804 94 is sleeping
804 93 is eating
804 98 is sleeping
804 97 is thinking
804 97 has taken a fork
804 97 has taken a fork
804 97 is eating
804 96 is sleeping
804 99 is eating
804 95 is thinking
804 95 has taken a fork
804 95 has taken a fork
804 95 is eating
805 48 is sleeping
805 46 is sleeping
805 49 has taken a fork
805 49 is eating
805 44 is sleeping
805 43 has taken a fork
805 43 has taken a fork
805 45 is thinking
805 45 has taken a fork
805 45 has taken a fork
805 45 is eating
805 43 is eating
805 47 is thinking
805 47 has taken a fork
805 47 has taken a fork
805 47 is eating
1000 60 is thinking
1000 50 is thinking
1001 11 is sleeping
1001 57 is sleeping
1001 82 is thinking
1001 12 is thinking
1001 12 has taken a fork
1001 51 is sleeping
1001 16 is thinking
1001 16 has taken a fork
1001 15 is sleeping
1001 12 has taken a fork
1001 12 is eating
1001 76 is thinking
1001 10 is thinking
1001 54 is thinking
1001 80 is thinking
1001 58 is thinking
1001 13 is sleeping
1001 82 has taken a fork
1001 8 is thinking
1001 58 has taken a fork
1001 53 is sleeping
1001 60 has taken a fork
1001 59 is sleeping
1001 9 is sleeping
1001 58 has taken a fork
1001 52 is thinking
1001 52 has taken a fork
1001 52 has taken a fork
1001 52 is eating
1001 10 has taken a fork
1001 58 is eating
1001 56 is thinking
1001 56 has taken a fork
1001 56 has taken a fork
1001 56 is eating
1001 14 is thinking
1001 10 has taken a fork
1001 10 is eating
1001 54 has taken a fork
1001 54 has taken a fork
1001 55 is sleeping
1001 54 is eating
1001 14 has taken a fork
1001 81 is sleeping
1001 14 has taken a fork
1001 14 is eating
1002 72 is thinking
1002 42 is thinking
1002 17 is sleeping
1002 16 has taken a fork
1002 16 is eating
1002 78 is thinking
1002 28 is thinking
1002 36 is thinking
1002 62 is thinking
1002 39 is sleeping
1002 40 is thinking
1002 40 has taken a fork
1002 84 is thinking
1002 60 has taken a fork
1002 60 is eating
1002 84 has taken a fork
1002 62 has taken a fork
1002 61 is sleeping
1002 27 is sleeping
1002 92 is thinking
1002 28 has taken a fork
1002 82 has taken a fork
1002 83 is sleeping
1002 82 is eating
1002 75 is sleeping
1002 77 is sleeping
1002 73 is sleeping
1002 76 has taken a fork
1002 76 has taken a fork
1002 38 is thinking
1002 76 is eating
1002 80 has taken a fork
1002 38 has taken a fork
1002 38 has taken a fork
1002 38 is eating
1002 74 is thinking
1002 74 has taken a fork
1002 74 has taken a fork
1002 74 is eating
1002 79 is sleeping
1002 80 has taken a fork
1002 80 is eating
1002 64 is thinking
1002 64 has taken a fork
1002 26 is thinking
1002 78 has taken a fork
1002 78 has taken a fork
1002 78 is eating
1002 62 has taken a fork
1002 62 is eating
1002 37 is sleeping
1002 18 is thinking
1002 18 has taken a fork
1002 63 is sleeping
1003 5 is sleeping
1003 90 is thinking
1003 23 is sleeping
1003 2 is thinking
1003 66 is thinking
1003 31 is sleeping
1003 70 is thinking
1003 20 is thinking
1003 90 has taken a fork
1003 32 is thinking
1003 32 has taken a fork
1003 30 is thinking
1003 89 is sleeping
1003 25 is sleeping
1003 26 has taken a fork
1003 26 has taken a fork
1003 26 is eating
1003 88 is thinking
1003 18 has taken a fork
1003 18 is eating
1003 6 is thinking
1003 6 has taken a fork
1003 20 has taken a fork
1003 20 has taken a fork
1003 20 is eating
1003 24 is thinking
1003 19 is sleeping
1003 22 is thinking
1003 22 has taken a fork
1003 24 has taken a fork
1003 22 has taken a fork
1003 86 is thinking
1003 70 has taken a fork
1003 24 has taken a fork
1003 69 is sleeping
1003 100 is thinking
1003 24 is eating
1003 3 is sleeping
1003 68 is thinking
1003 86 has taken a fork
1003 64 has taken a fork
1003 66 has taken a fork
1003 8 has taken a fork
1003 8 has taken a fork
1003 8 is eating
1003 41 is sleeping
1003 72 has taken a fork
1003 72 has taken a fork
1003 72 is eating
1003 84 has taken a fork
1003 36 has taken a fork
1003 36 has taken a fork
1003 36 is eating
1003 1 is sleeping
1003 21 is sleeping
1003 29 is sleeping
1003 40 has taken a fork
1003 42 has taken a fork
1003 85 is sleeping
1003 64 is eating
1003 65 is sleeping
1003 22 is eating
1003 6 has taken a fork
1003 6 is eating
1003 28 has taken a fork
1003 28 is eating
1003 4 is thinking
1003 4 has taken a fork
1003 70 has taken a fork
1003 4 has taken a fork
1003 4 is eating
1003 7 is sleeping
1003 33 is sleeping
1003 92 has taken a fork
1003 34 is thinking
1003 34 has taken a fork
1003 34 has taken a fork
1003 34 is eating
1003 71 is sleeping
1003 70 is eating
1003 40 is eating
1003 91 is sleeping
1003 2 has taken a fork
1003 2 has taken a fork
1003 2 is eating
1003 84 is eating
1003 30 has taken a fork
1003 30 has taken a fork
1003 30 is eating
1003 35 is sleeping
1003 32 has taken a fork
1003 32 is eating
1003 90 has taken a fork
1003 90 is eating
1004 99 is sleeping
1004 87 is sleeping
1004 88 has taken a fork
1004 88 has taken a fork
1004 94 is thinking
1004 94 has taken a fork
1004 88 is eating
1004 86 has taken a fork
1004 93 is sleeping
1004 67 is sleeping
1004 86 is eating
1004 92 has taken a fork
1004 96 is thinking
1004 66 has taken a fork
1004 66 is eating
1004 100 has taken a fork
1004 100 has taken a fork
1004 92 is eating
1004 68 has taken a fork
1004 94 has taken a fork
1004 94 is eating
1004 98 is thinking
1004 98 has taken a fork
1004 96 has taken a fork
1004 96 has taken a fork
1004 96 is eating
1004 97 is sleeping
1004 95 is sleeping
1004 98 has taken a fork
1004 98 is eating
1004 68 has taken a fork
1004 68 is eating
1005 100 is eating
1005 47 is sleeping
1005 42 has taken a fork
1005 42 is eating
1005 46 is thinking
1005 46 has taken a fork
1005 46 has taken a fork
1005 44 is thinking
1005 44 has taken a fork
1005 44 has taken a fork
1005 44 is eating
1005 48 is thinking
1005 48 has taken a fork
1005 46 is eating
1005 43 is sleeping
1005 45 is sleeping
1005 48 has taken a fork
1005 50 has taken a fork
1005 49 is sleeping
1005 50 has taken a fork
1005 48 is eating
1005 50 is eating
1201 15 is thinking
1201 54 is sleeping
1201 10 is sleeping
1201 57 is thinking
1201 56 is sleeping
1201 11 is thinking
1201 9 is thinking
1201 57 has taken a fork
1201 13 is thinking
1201 9 has taken a fork
1201 58 is sleeping
1201 57 has taken a fork
1201 57 is eating
1201 55 is thinking
1201 55 has taken a fork
1201 55 has taken a fork
1201 55 is eating
1201 11 has taken a fork
1201 12 is sleeping
1201 81 is thinking
1201 51 is thinking
1201 53 is thinking
1201 11 has taken a fork
1201 53 has taken a fork
1201 53 has taken a fork
1201 14 is sleeping
1201 11 is eating
1201 59 is thinking
1201 53 is eating
1201 13 has taken a fork
1201 13 has taken a fork
1201 51 has taken a fork
1201 13 is eating
1201 52 is sleeping
1202 74 is sleeping
1202 59 has taken a fork
1202 59 has taken a fork
1202 59 is eating
1202 77 is thinking
1202 82 is sleeping
1202 73 is thinking
1202 81 has taken a fork
1202 62 is sleeping
1202 83 is thinking
1202 27 is thinking
1202 38 is sleeping
1202 39 is thinking
1202 60 is sleeping
1202 73 has taken a fork
1202 77 has taken a fork
1202 78 is sleeping
1202 76 is sleeping
1202 77 has taken a fork
1202 77 is eating
1202 15 has taken a fork
1202 15 has taken a fork
1202 80 is sleeping
1202 81 has taken a fork
1202 81 is eating
1202 79 is thinking
1202 75 is thinking
1202 75 has taken a fork
1202 61 is thinking
1202 75 has taken a fork
1202 75 is eating
1202 63 is thinking
1202 16 is sleeping
1202 17 is thinking
1202 37 is thinking
1202 37 has taken a fork
1202 79 has taken a fork
1202 79 has taken a fork
1202 79 is eating
1202 61 has taken a fork
1202 61 has taken a fork
1202 61 is eating
1202 15 is eating
1203 24 is sleeping
1203 71 is thinking
1203 22 is sleeping
1203 7 is thinking
1203 64 is sleeping
1203 8 is sleeping
1203 41 is thinking
1203 9 has taken a fork
1203 30 is sleeping
1203 63 has taken a fork
1203 7 has taken a fork
1203 9 is eating
1203 84 is sleeping
1203 36 is sleeping
1203 5 is thinking
1203 89 is thinking
1203 26 is sleeping
1203 37 has taken a fork
1203 63 has taken a fork
1203 63 is eating
1203 83 has taken a fork
1203 83 has taken a fork
1203 83 is eating
1203 40 is sleeping
1203 32 is sleeping
1203 70 is sleeping
1203 3 is thinking
1203 34 is sleeping
1203 73 has taken a fork
1203 69 is thinking
1203 65 is thinking
1203 3 has taken a fork
1203 4 is sleeping
1203 91 is thinking
1203 69 has taken a fork
1203 23 is thinking
1203 23 has taken a fork
1203 72 is sleeping
1203 19 is thinking
1203 71 has taken a fork
1203 39 has taken a fork
1203 37 is eating
1203 39 has taken a fork
1203 23 has taken a fork
1203 3 has taken a fork
1203 3 is eating
1203 71 has taken a fork
1203 71 is eating
1203 19 has taken a fork
1203 29 is thinking
1203 25 is thinking
1203 29 has taken a fork
1203 33 is thinking
1203 18 is sleeping
1203 19 has taken a fork
1203 35 is thinking
1203 6 is sleeping
1203 35 has taken a fork
1203 35 has taken a fork
1203 85 is thinking
1203 19 is eating
1203 23 is eating
1203 7 has taken a fork
1203 7 is eating
1203 5 has taken a fork
1203 5 has taken a fork
1203 5 is eating
1203 35 is eating
1203 89 has taken a fork
1203 25 has taken a fork
1203 25 has taken a fork
1203 25 is eating
1203 17 has taken a fork
1203 17 has taken a fork
1203 17 is eating
1203 31 is thinking
1203 31 has taken a fork
1203 31 has taken a fork
1203 31 is eating
1203 73 is eating
1203 90 is sleeping
1203 21 is thinking
1203 21 has taken a fork
1203 33 has taken a fork
1203 33 has taken a fork
1203 33 is eating
1203 20 is sleeping
1203 1 is thinking
1203 1 has taken a fork
1203 2 is sleeping
1204 66 is sleeping
1204 28 is sleeping
1204 21 has taken a fork
1204 21 is eating
1204 89 has taken a fork
1204 89 is eating
1204 69 has taken a fork
1204 39 is eating
1204 67 is thinking
1204 67 has taken a fork
1204 67 has taken a fork
1204 67 is eating
1204 68 is sleeping
1204 27 has taken a fork
1204 27 has taken a fork
1204 27 is eating
1204 88 is sleeping
1204 97 is thinking
1204 69 is eating
1204 97 has taken a fork
1204 29 has taken a fork
1204 29 is eating
1204 98 is sleeping
1204 91 has taken a fork
1204 91 has taken a fork
1204 91 is eating
1204 95 is thinking
1204 95 has taken a fork
1204 94 is sleeping
1204 85 has taken a fork
1204 85 has taken a fork
1204 85 is eating
1204 87 is thinking
1204 99 is thinking
1204 87 has taken a fork
1204 65 has taken a fork
1204 87 has taken a fork
1204 87 is eating
1204 97 has taken a fork
1204 97 is eating
1204 65 has taken a fork
1204 65 is eating
1204 93 is thinking
1204 93 has taken a fork
1204 92 is sleeping
1204 96 is sleeping
1204 95 has taken a fork
1204 95 is eating
1204 93 has taken a fork
1204 93 is eating
1205 86 is sleeping
1205 41 has taken a fork
1205 42 is sleeping
1205 41 has taken a fork
1205 41 is eating
1205 47 is thinking
1205 51 has taken a fork
1205 51 is eating
1205 50 is sleeping
1205 45 is thinking
1205 49 is thinking
1205 99 has taken a fork
1205 43 is thinking
1205 99 has taken a fork
1205 99 is eating
1205 49 has taken a fork
1205 47 has taken a fork
1205 49 has taken a fork
1205 49 is eating
1205 1 has taken a fork
1205 48 is sleeping
1205 46 is sleeping
1205 45 has taken a fork
1205 45 has taken a fork
1205 1 is eating
1205 47 has taken a fork
1205 47 is eating
1205 44 is sleeping
1205 43 has taken a fork
1205 43 has taken a fork
1205 43 is eating
1205 45 is eating
1205 100 is sleeping
1401 56 is thinking
1401 55 is sleeping
1401 52 is thinking
1401 13 is sleeping
1401 56 has taken a fork
1401 56 has taken a fork
1401 57 is sleeping
1401 56 is eating
1401 11 is sleeping
1401 58 is thinking
1401 12 is thinking
1401 12 has taken a fork
1401 54 is thinking
1401 54 has taken a fork
1401 12 has taken a fork
1401 12 is eating
1401 10 is thinking
1401 53 is sleeping
1401 58 has taken a fork
1401 14 is thinking
1401 14 has taken a fork
1401 54 has taken a fork
1401 54 is eating
1402 82 is thinking
1402 76 is thinking
1402 79 is sleeping
1402 62 is thinking
1402 75 is sleeping
1402 76 has taken a fork
1402 16 is thinking
1402 81 is sleeping
1402 82 has taken a fork
1402 78 is thinking
1402 78 has taken a fork
1402 76 has taken a fork
1402 76 is eating
1402 78 has taken a fork
1402 60 is thinking
1402 61 is sleeping
1402 62 has taken a fork
1402 78 is eating
1402 15 is sleeping
1402 80 is thinking
1402 14 has taken a fork
1402 60 has taken a fork
1402 58 has taken a fork
1402 14 is eating
1402 77 is sleeping
1402 74 is thinking
1402 16 has taken a fork
1402 58 is eating
1402 60 has taken a fork
1402 60 is eating
1402 38 is thinking
1402 80 has taken a fork
1402 80 has taken a fork
1402 80 is eating
1402 59 is sleeping
1403 31 is sleeping
1403 6 is thinking
1403 34 is thinking
1403 36 is thinking
1403 40 is thinking
1403 7 is sleeping
1403 37 is sleeping
1403 6 has taken a fork
1403 4 is thinking
1403 74 has taken a fork
1403 38 has taken a fork
1403 6 has taken a fork
1403 6 is eating
1403 5 is sleeping
1403 3 is sleeping
1403 18 is thinking
1403 20 is thinking
1403 73 is sleeping
1403 70 is thinking
1403 33 is sleeping
1403 30 is thinking
1403 28 is thinking
1403 19 is sleeping
1403 74 has taken a fork
1403 74 is eating
1403 23 is sleeping
1403 20 has taken a fork
1403 34 has taken a fork
1403 22 is thinking
1403 72 is thinking
1403 24 is thinking
1403 8 is thinking
1403 63 is sleeping
1403 4 has taken a fork
1403 71 is sleeping
1403 16 has taken a fork
1403 8 has taken a fork
1403 17 is sleeping
1403 62 has taken a fork
1403 4 has taken a fork
1403 62 is eating
1403 16 is eating
1403 18 has taken a fork
1403 25 is sleeping
1403 36 has taken a fork
1403 34 has taken a fork
1403 34 is eating
1403 24 has taken a fork
1403 9 is sleeping
1403 18 has taken a fork
1403 64 is thinking
1403 84 is thinking
1403 84 has taken a fork
1403 72 has taken a fork
1403 72 has taken a fork
1403 35 is sleeping
1403 83 is sleeping
1403 90 is thinking
1403 4 is eating
1403 72 is eating
1403 36 has taken a fork
1403 32 is thinking
1403 10 has taken a fork
1403 10 has taken a fork
1403 18 is eating
1403 64 has taken a fork
1403 26 is thinking
1403 26 has taken a fork
1403 2 is thinking
1403 32 has taken a fork
1403 32 has taken a fork
1403 32 is eating
1403 10 is eating
1403 8 has taken a fork
1403 82 has taken a fork
1403 82 is eating
1403 36 is eating
1404 8 is eating
1404 24 has taken a fork
1404 24 is eating
1404 39 is sleeping
1404 30 has taken a fork
1404 30 has taken a fork
1404 30 is eating
1404 69 is sleeping
1404 29 is sleeping
1404 38 has taken a fork
1404 38 is eating
1404 95 is sleeping
1404 97 is sleeping
1404 88 is thinking
1404 90 has taken a fork
1404 68 is thinking
1404 68 has taken a fork
1404 89 is sleeping
1404 86 is thinking
1404 40 has taken a fork
1404 70 has taken a fork
1404 70 has taken a fork
1404 70 is eating
1404 91 is sleeping
1404 68 has taken a fork
1404 67 is sleeping
1404 96 is thinking
1404 90 has taken a fork
1404 96 has taken a fork
1404 68 is eating
1404 65 is sleeping
1404 64 has taken a fork
1404 90 is eating
1404 21 is sleeping
1404 26 has taken a fork
1404 26 is eating
1404 20 has taken a fork
1404 22 has taken a fork
1404 22 has taken a fork
1404 93 is sleeping
1404 86 has taken a fork
1404 86 has taken a fork
1404 64 is eating
1404 28 has taken a fork
1404 28 has taken a fork
1404 28 is eating
1404 86 is eating
1404 96 has taken a fork
1404 96 is eating
1404 98 is thinking
1404 88 has taken a fork
1404 22 is eating
1404 98 has taken a fork
1404 92 is thinking
1404 20 is eating
1404 27 is sleeping
1404 87 is sleeping
1404 88 has taken a fork
1404 88 is eating
1404 85 is sleeping
1404 84 has taken a fork
1404 66 is thinking
1404 94 is thinking
1404 94 has taken a fork
1404 94 has taken a fork
1404 94 is eating
1404 92 has taken a fork
1404 92 has taken a fork
1404 84 is eating
1405 92 is eating
1405 98 has taken a fork
1405 98 is eating
1405 40 has taken a fork
1405 40 is eating
1405 66 has taken a fork
1405 66 has taken a fork
1405 66 is eating
1405 50 is thinking
1405 50 has taken a fork
1405 49 is sleeping
1405 52 has taken a fork
1405 52 has taken a fork
1405 50 has taken a fork
1405 50 is eating
1405 47 is sleeping
1405 51 is sleeping
1405 46 is thinking
1405 52 is eating
1405 99 is sleeping
1405 1 is sleeping
1405 2 has taken a fork
1405 2 has taken a fork
1405 100 is thinking
1405 100 has taken a fork
1405 100 has taken a fork
1405 100 is eating
1405 2 is eating
1405 44 is thinking
1405 41 is sleeping
1405 44 has taken a fork
1405 44 has taken a fork
1405 44 is eating
1405 42 is thinking
1405 42 has taken a fork
1405 42 has taken a fork
1405 42 is eating
1405 48 is thinking
1405 48 has taken a fork
1405 48 has taken a fork
1405 48 is eating
1405 46 has taken a fork
1405 46 has taken a fork
1405 45 is sleeping
1405 46 is eating
1406 43 is sleeping
1601 13 is thinking
1601 54 is sleeping
1601 55 is thinking
1601 55 has taken a fork
1601 57 is thinking
1601 56 is sleeping
1601 12 is sleeping
1601 11 is thinking
1601 55 has taken a fork
1601 11 has taken a fork
1601 55 is eating
1601 53 is thinking
1601 53 has taken a fork
1602 61 is thinking
1602 77 is thinking
1602 13 has taken a fork
1602 13 has taken a fork
1602 13 is eating
1602 14 is sleeping
1602 75 is thinking
1602 75 has taken a fork
1602 76 is sleeping
1602 80 is sleeping
1602 77 has taken a fork
1602 78 is sleeping
1602 15 is thinking
1602 60 is sleeping
1602 77 has taken a fork
1602 77 is eating
1602 81 is thinking
1602 79 is thinking
1602 57 has taken a fork
1602 57 has taken a fork
1602 57 is eating
1602 59 is thinking
1602 59 has taken a fork
1602 59 has taken a fork
1602 58 is sleeping
1602 79 has taken a fork
1602 79 has taken a fork
1602 79 is eating
1602 59 is eating
1603 83 is thinking
1603 72 is sleeping
1603 35 is thinking
1603 18 is sleeping
1603 6 is sleeping
1603 71 is thinking
1603 7 is thinking
1603 71 has taken a fork
1603 25 is thinking
1603 82 is sleeping
1603 19 is thinking
1603 17 is thinking
1603 81 has taken a fork
1603 33 is thinking
1603 81 has taken a fork
1603 81 is eating
1603 11 has taken a fork
1603 11 is eating
1603 17 has taken a fork
1603 37 is thinking
1603 10 is sleeping
1603 23 is thinking
1603 62 is sleeping
1603 36 is sleeping
1603 61 has taken a fork
1603 61 has taken a fork
1603 61 is eating
1603 16 is sleeping
1603 15 has taken a fork
1603 9 is thinking
1603 9 has taken a fork
1603 15 has taken a fork
1603 15 is eating
1603 34 is sleeping
1603 35 has taken a fork
1603 63 is thinking
1603 31 is thinking
1603 31 has taken a fork
1603 75 has taken a fork
1603 33 has taken a fork
1603 33 has taken a fork
1603 33 is eating
1603 4 is sleeping
1603 73 is thinking
1603 73 has taken a fork
1603 73 has taken a fork
1603 73 is eating
1603 32 is sleeping
1603 17 has taken a fork
1603 17 is eating
1603 74 is sleeping
1603 75 is eating
1603 3 is thinking
1603 3 has taken a fork
1603 35 has taken a fork
1603 35 is eating
1603 5 is thinking
1603 5 has taken a fork
1603 5 has taken a fork
1603 5 is eating
1604 19 has taken a fork
1604 19 has taken a fork
1604 19 is eating
1604 28 is sleeping
1604 70 is sleeping
1604 89 is thinking
1604 20 is sleeping
1604 83 has taken a fork
1604 84 is sleeping
1604 71 has taken a fork
1604 71 is eating
1604 83 has taken a fork
1604 30 is sleeping
1604 85 is thinking
1604 31 has taken a fork
1604 31 is eating
1604 87 is thinking
1604 8 is sleeping
1604 94 is sleeping
1604 63 has taken a fork
1604 63 has taken a fork
1604 64 is sleeping
1604 9 has taken a fork
1604 9 is eating
1604 37 has taken a fork
1604 7 has taken a fork
1604 7 has taken a fork
1604 83 is eating
1604 37 has taken a fork
1604 7 is eating
1604 88 is sleeping
1604 67 is thinking
1604 68 is sleeping
1604 21 is thinking
1604 87 has taken a fork
1604 63 is eating
1604 37 is eating
1604 87 has taken a fork
1604 87 is eating
1604 38 is sleeping
1604 26 is sleeping
1604 95 is thinking
1604 85 has taken a fork
1604 27 is thinking
1604 69 is thinking
1604 27 has taken a fork
1604 69 has taken a fork
1604 97 is thinking
1604 22 is sleeping
1604 21 has taken a fork
1604 21 has taken a fork
1604 86 is sleeping
1604 69 has taken a fork
1604 69 is eating
1604 24 is sleeping
1604 67 has taken a fork
1604 21 is eating
1604 85 has taken a fork
1604 91 is thinking
1604 27 has taken a fork
1604 27 is eating
1604 90 is sleeping
1604 23 has taken a fork
1604 23 has taken a fork
1604 93 is thinking
1604 29 is thinking
1604 95 has taken a fork
1604 95 has taken a fork
1604 95 is eating
1604 96 is sleeping
1604 65 is thinking
1604 23 is eating
1604 93 has taken a fork
1604 39 is thinking
1604 85 is eating
1604 25 has taken a fork
1604 25 has taken a fork
1604 89 has taken a fork
1604 89 has taken a fork
1604 89 is eating
1604 25 is eating
1604 29 has taken a fork
1604 29 has taken a fork
1604 29 is eating
1605 1 is thinking
1605 52 is sleeping
1605 66 is sleeping
1605 67 has taken a fork
1605 53 has taken a fork
1605 65 has taken a fork
1605 53 is eating
1605 65 has taken a fork
1605 65 is eating
1605 67 is eating
1605 48 is sleeping
1605 44 is sleeping
1605 98 is sleeping
1605 51 is thinking
1605 97 has taken a fork
1605 3 has taken a fork
1605 92 is sleeping
1605 97 has taken a fork
1605 1 has taken a fork
1605 3 is eating
1605 51 has taken a fork
1605 2 is sleeping
1605 99 is thinking
1605 49 is thinking
1605 41 is thinking
1605 97 is eating
1605 91 has taken a fork
1605 93 has taken a fork
1605 93 is eating
1605 41 has taken a fork
1605 40 is sleeping
1605 39 has taken a fork
1605 42 is sleeping
1605 45 is thinking
1605 41 has taken a fork
1605 41 is eating
1605 47 is thinking
1605 47 has taken a fork
1605 47 has taken a fork
1605 47 is eating
1605 39 has taken a fork
1605 1 has taken a fork
1605 39 is eating
1605 49 has taken a fork
1605 49 has taken a fork
1605 49 is eating
1605 99 has taken a fork
1605 43 is thinking
1605 50 is sleeping
1605 99 has taken a fork
1605 99 is eating
1605 43 has taken a fork
1605 43 has taken a fork
1605 43 is eating
1605 45 has taken a fork
1605 45 has taken a fork
1605 45 is eating
1605 46 is sleeping
1605 91 has taken a fork
1605 91 is eating
1605 100 is sleeping
1605 1 is eating
1606 51 has taken a fork
1606 51 is eating
1801 56 is thinking
1801 12 is thinking
1801 54 is thinking
1801 55 is sleeping
1801 56 has taken a fork
1802 58 is thinking
1802 13 is sleeping
1802 78 is thinking
1802 14 is thinking
1802 14 has taken a fork
1802 57 is sleeping
1802 58 has taken a fork
1802 56 has taken a fork
1802 76 is thinking
1802 56 is eating
1802 60 is thinking
1802 79 is sleeping
1802 78 has taken a fork
1802 78 has taken a fork
1802 80 is thinking
1802 80 has taken a fork
1802 78 is eating
1802 60 has taken a fork
1802 59 is sleeping
1802 58 has taken a fork
1802 77 is sleeping
1802 58 is eating
1803 81 is sleeping
1803 73 is sleeping
1803 62 is thinking
1803 10 is thinking
1803 82 is thinking
1803 82 has taken a fork
1803 80 has taken a fork
1803 80 is eating
1803 36 is thinking
1803 16 is thinking
1803 6 is thinking
1803 18 is thinking
1803 17 is sleeping
1803 16 has taken a fork
1803 18 has taken a fork
1803 75 is sleeping
1803 14 has taken a fork
1803 14 is eating
1803 76 has taken a fork
1803 15 is sleeping
1803 12 has taken a fork
1803 33 is sleeping
1803 5 is sleeping
1803 32 is thinking
1803 35 is sleeping
1803 62 has taken a fork
1803 6 has taken a fork
1803 74 is thinking
1803 12 has taken a fork
1803 12 is eating
1803 11 is sleeping
1803 16 has taken a fork
1803 74 has taken a fork
1803 4 is thinking
1803 16 is eating
1803 60 has taken a fork
1803 76 has taken a fork
1803 76 is eating
1803 72 is thinking
1803 61 is sleeping
1803 60 is eating
1803 74 has taken a fork
1803 74 is eating
1803 36 has taken a fork
1803 34 is thinking
1803 34 has taken a fork
1803 34 has taken a fork
1803 34 is eating
1804 9 is sleeping
1804 25 is sleeping
1804 8 is thinking
1804 21 is sleeping
1804 7 is sleeping
1804 8 has taken a fork
1804 8 has taken a fork
1804 8 is eating
1804 10 has taken a fork
1804 23 is sleeping
1804 6 has taken a fork
1804 6 is eating
1804 90 is thinking
1804 30 is thinking
1804 20 is thinking
1804 85 is sleeping
1804 86 is thinking
1804 37 is sleeping
1804 86 has taken a fork
1804 22 is thinking
1804 22 has taken a fork
1804 22 has taken a fork
1804 86 has taken a fork
1804 22 is eating
1804 86 is eating
1804 87 is sleeping
1804 36 has taken a fork
1804 36 is eating
1804 10 has taken a fork
1804 38 is thinking
1804 38 has taken a fork
1804 10 is eating
1804 27 is sleeping
1804 95 is sleeping
1804 32 has taken a fork
1804 82 has taken a fork
1804 62 has taken a fork
1804 82 is eating
1804 63 is sleeping
1804 20 has taken a fork
1804 83 is sleeping
1804 32 has taken a fork
1804 71 is sleeping
1804 64 is thinking
1804 96 is thinking
1804 20 has taken a fork
1804 20 is eating
1804 90 has taken a fork
1804 69 is sleeping
1804 64 has taken a fork
1804 68 is thinking
1804 24 is thinking
1804 24 has taken a fork
1804 24 has taken a fork
1804 24 is eating
1804 32 is eating
1804 70 is thinking
1804 72 has taken a fork
1804 26 is thinking
1804 29 is sleeping
1804 28 is thinking
1804 28 has taken a fork
1804 28 has taken a fork
1804 18 has taken a fork
1804 18 is eating
1804 31 is sleeping
1804 84 is thinking
1804 84 has taken a fork
1804 70 has taken a fork
1804 72 has taken a fork
1804 72 is eating
1804 30 has taken a fork
1804 30 has taken a fork
1804 30 is eating
1804 89 is sleeping
1804 19 is sleeping
1804 84 has taken a fork
1804 84 is eating
1804 62 is eating
1804 96 has taken a fork
1804 28 is eating
1804 88 is thinking
1804 70 has taken a fork
1804 70 is eating
1805 94 is thinking
1805 46 is thinking
1805 43 is sleeping
1805 54 has taken a fork
1805 54 has taken a fork
1805 54 is eating
1805 50 is thinking
1805 53 is sleeping
1805 88 has taken a fork
1805 88 has taken a fork
1805 88 is eating
1805 2 is thinking
1805 68 has taken a fork
1805 99 is sleeping
1805 68 has taken a fork
1805 68 is eating
1805 67 is sleeping
1805 26 has taken a fork
1805 26 has taken a fork
1805 26 is eating
1805 44 is thinking
1805 44 has taken a fork
1805 100 is thinking
1805 100 has taken a fork
1805 94 has taken a fork
1805 48 is thinking
1805 1 is sleeping
1805 48 has taken a fork
1805 4 has taken a fork
1805 4 has taken a fork
1805 4 is eating
1805 50 has taken a fork
1805 48 has taken a fork
1805 98 is thinking
1805 97 is sleeping
1805 49 is sleeping
1805 65 is sleeping
1805 93 is sleeping
1805 52 is thinking
1805 96 has taken a fork
1805 100 has taken a fork
1805 2 has taken a fork
1805 64 has taken a fork
1805 100 is eating
1805 64 is eating
1805 94 has taken a fork
1805 90 has taken a fork
1805 48 is eating
1805 46 has taken a fork
1805 91 is sleeping
1805 98 has taken a fork
1805 98 has taken a fork
1805 47 is sleeping
1805 3 is sleeping
1805 42 is thinking
1805 46 has taken a fork
1805 40 is thinking
1805 66 is thinking
1805 41 is sleeping
1805 40 has taken a fork
1805 2 has taken a fork
1805 96 is eating
1805 2 is eating
1805 38 has taken a fork
1805 38 is eating
1805 46 is eating
1805 90 is eating
1805 66 has taken a fork
1805 66 has taken a fork
1805 66 is eating
1805 94 is eating
1805 42 has taken a fork
1805 44 has taken a fork
1805 44 is eating
1805 45 is sleeping
1806 40 has taken a fork
1806 40 is eating
1806 98 is eating
1806 42 has taken a fork
1806 42 is eating
1806 39 is sleeping
1806 52 has taken a fork
1806 92 is thinking
1806 92 has taken a fork
1806 50 has taken a fork
1806 51 is sleeping
1806 92 has taken a fork
1806 92 is eating
1806 50 is eating
1806 52 has taken a fork
1806 52 is eating
2001 55 is thinking
2002 78 is sleeping
2002 55 has taken a fork
2002 77 is thinking
2002 77 has taken a fork
2002 59 is thinking
2002 56 is sleeping
2002 13 is thinking
2002 58 is sleeping
2002 57 is thinking
2002 57 has taken a fork
2002 57 has taken a fork
2002 57 is eating
2002 79 is thinking
2003 74 is sleeping
2003 34 is sleeping
2003 75 is thinking
2003 73 is thinking
2003 73 has taken a fork
2003 81 is thinking
2003 61 is thinking
2003 16 is sleeping
2003 33 is thinking
2003 33 has taken a fork
2003 13 has taken a fork
2003 5 is thinking
2003 15 is thinking
2003 15 has taken a fork
2003 15 has taken a fork
2003 15 is eating
2003 80 is sleeping
2003 14 is sleeping
2003 17 is thinking
2003 79 has taken a fork
2003 11 is thinking
2003 12 is sleeping
2003 79 has taken a fork
2003 79 is eating
2003 13 has taken a fork
2003 60 is sleeping
2003 59 has taken a fork
2003 76 is sleeping
2003 13 is eating
2003 59 has taken a fork
2003 59 is eating
2003 77 has taken a fork
2003 35 is thinking
2003 77 is eating
2003 75 has taken a fork
2003 75 has taken a fork
2003 75 is eating
2003 11 has taken a fork
2004 71 is thinking
2004 35 has taken a fork
2004 35 has taken a fork
2004 35 is eating
2004 85 is thinking
2004 25 is thinking
2004 20 is sleeping
2004 36 is sleeping
2004 37 is thinking
2004 31 is thinking
2004 63 is thinking
2004 89 is thinking
2004 83 is thinking
2004 22 is sleeping
2004 19 is thinking
2004 19 has taken a fork
2004 84 is sleeping
2004 83 has taken a fork
2004 85 has taken a fork
2004 21 is thinking
2004 21 has taken a fork
2004 85 has taken a fork
2004 73 has taken a fork
2004 27 is thinking
2004 83 has taken a fork
2004 73 is eating
2004 24 is sleeping
2004 85 is eating
2004 70 is sleeping
2004 82 is sleeping
2004 83 is eating
2004 5 has taken a fork
2004 71 has taken a fork
2004 81 has taken a fork
2004 17 has taken a fork
2004 21 has taken a fork
2004 21 is eating
2004 28 is sleeping
2004 29 is thinking
2004 86 is sleeping
2004 69 is thinking
2004 62 is sleeping
2004 71 has taken a fork
2004 69 has taken a fork
2004 81 has taken a fork
2004 71 is eating
2004 7 is thinking
2004 23 is thinking
2004 19 has taken a fork
2004 27 has taken a fork
2004 81 is eating
2004 23 has taken a fork
2004 23 has taken a fork
2004 23 is eating
2004 11 has taken a fork
2004 11 is eating
2004 6 is sleeping
2004 61 has taken a fork
2004 61 has taken a fork
2004 61 is eating
2004 30 is sleeping
2004 29 has taken a fork
2004 29 has taken a fork
2004 29 is eating
2004 33 has taken a fork
2004 33 is eating
2004 19 is eating
2004 10 is sleeping
2004 72 is sleeping
2004 18 is sleeping
2004 9 is thinking
2004 9 has taken a fork
2004 32 is sleeping
2004 95 is thinking
2004 31 has taken a fork
2004 31 has taken a fork
2004 31 is eating
2004 8 is sleeping
2004 7 has taken a fork
2004 87 is thinking
2004 7 has taken a fork
2004 7 is eating
2004 9 has taken a fork
2004 17 has taken a fork
2004 9 is eating
2005 48 is sleeping
2005 63 has taken a fork
2005 38 is sleeping
2005 63 has taken a fork
2005 67 is thinking
2005 46 is sleeping
2005 17 is eating
2005 63 is eating
2005 97 is thinking
2005 87 has taken a fork
2005 87 has taken a fork
2005 44 is sleeping
2005 88 is sleeping
2005 87 is eating
2005 37 has taken a fork
2005 64 is sleeping
2005 91 is thinking
2005 69 has taken a fork
2005 69 is eating
2005 41 is thinking
2005 99 is thinking
2005 37 has taken a fork
2005 37 is eating
2005 45 is thinking
2005 45 has taken a fork
2005 45 has taken a fork
2005 45 is eating
2005 26 is sleeping
2005 65 is thinking
2005 90 is sleeping
2005 27 has taken a fork
2005 49 is thinking
2005 68 is sleeping
2005 95 has taken a fork
2005 3 is thinking
2005 67 has taken a fork
2005 93 is thinking
2005 53 is thinking
2005 5 has taken a fork
2005 3 has taken a fork
2005 3 has taken a fork
2005 3 is eating
2005 25 has taken a fork
2005 43 is thinking
2005 66 is sleeping
2005 89 has taken a fork
2005 99 has taken a fork
2005 47 is thinking
2005 93 has taken a fork
2005 95 has taken a fork
2005 95 is eating
2005 53 has taken a fork
2005 55 has taken a fork
2005 55 is eating
2005 2 is sleeping
2005 5 is eating
2005 65 has taken a fork
2005 65 has taken a fork
2005 65 is eating
2005 1 is thinking
2005 1 has taken a fork
2005 1 has taken a fork
2005 94 is sleeping
2005 25 has taken a fork
2005 25 is eating
2005 54 is sleeping
2005 27 is eating
2005 4 is sleeping
2005 89 has taken a fork
2005 89 is eating
2005 1 is eating
2005 96 is sleeping
2005 100 is sleeping
2006 67 has taken a fork
2006 67 is eating
2006 40 is sleeping
2006 97 has taken a fork
2006 43 has taken a fork
2006 97 has taken a fork
2006 53 has taken a fork
2006 51 is thinking
2006 51 has taken a fork
2006 98 is sleeping
2006 97 is eating
2006 51 has taken a fork
2006 53 is eating
2006 47 has taken a fork
2006 52 is sleeping
2006 51 is eating
2006 49 has taken a fork
2006 49 has taken a fork
2006 49 is eating
2006 47 has taken a fork
2006 99 has taken a fork
2006 99 is eating
2006 47 is eating
2006 92 is sleeping
2006 93 has taken a fork
2006 93 is eating
2006 42 is sleeping
2006 43 has taken a fork
2006 43 is eating
2006 39 is thinking
2006 50 is sleeping
2006 39 has taken a fork
2006 39 has taken a fork
2006 39 is eating
2006 41 has taken a fork
2006 41 has taken a fork
2006 41 is eating
2006 91 has taken a fork
2007 91 has taken a fork
2007 91 is eating
2202 57 is sleeping
2202 58 is thinking
2202 78 is thinking
2202 58 has taken a fork
2202 56 is thinking
2203 60 is thinking
2203 16 is thinking
2203 77 is sleeping
2203 78 has taken a fork
2203 14 is thinking
2203 80 is thinking
2203 12 is thinking
2203 34 is thinking
2203 78 has taken a fork
2203 78 is eating
2203 15 is sleeping
2203 16 has taken a fork
2203 80 has taken a fork
2203 79 is sleeping
2203 59 is sleeping
2203 60 has taken a fork
2203 58 has taken a fork
2203 58 is eating
2203 13 is sleeping
2203 76 is thinking
2203 76 has taken a fork
2203 76 has taken a fork
2203 76 is eating
2203 75 is sleeping
2203 74 is thinking
2203 14 has taken a fork
2203 14 has taken a fork
2203 14 is eating
2204 29 is sleeping
2204 9 is sleeping
2204 21 is sleeping
2204 71 is sleeping
2204 83 is sleeping
2204 72 is thinking
2204 32 is thinking
2204 12 has taken a fork
2204 12 has taken a fork
2204 12 is eating
2204 11 is sleeping
2204 73 is sleeping
2204 23 is sleeping
2204 62 is thinking
2204 72 has taken a fork
2204 82 is thinking
2204 81 is sleeping
2204 74 has taken a fork
2204 74 has taken a fork
2204 85 is sleeping
2204 32 has taken a fork
2204 80 has taken a fork
2204 80 is eating
2204 6 is thinking
2204 86 is thinking
2204 62 has taken a fork
2204 31 is sleeping
2204 70 is thinking
2204 86 has taken a fork
2204 82 has taken a fork
2204 10 is thinking
2204 22 is thinking
2204 22 has taken a fork
2204 60 has taken a fork
2204 22 has taken a fork
2204 19 is sleeping
2204 18 is thinking
2204 22 is eating
2204 72 has taken a fork
2204 61 is sleeping
2204 72 is eating
2204 84 is thinking
2204 84 has taken a fork
2204 84 has taken a fork
2204 10 has taken a fork
2204 60 is eating
2204 82 h